{"name": "test_cloud_sdk_version", "status": "failed", "statusDetails": {"message": "AssertionError: assert False", "trace": "setup_controller = <controller.controller_1x.controller.Controller object at 0x7f19ce10ba90>\ntestbed = 'basic-02', test_cases = []\nupdate_report = <testrails.reporting.Reporting object at 0x7f19cc108850>\n\n    @pytest.mark.sanity\n    @pytest.mark.sanity_55\n    @pytest.mark.sdk_version_check\n    def test_cloud_sdk_version(setup_controller, testbed, test_cases, update_report):\n        try:\n            response = setup_controller.portal_ping()\n            if CONFIGURATION[testbed]['controller']['version'] == response._project_version:\n                PASS = True\n            else:\n                PASS = False\n        except Exception as e:\n            print(e)\n            PASS = False\n>       assert PASS\nE       assert False\n\ncontroller_tests/test_api_login.py:22: AssertionError"}, "start": 1631406733273, "stop": 1631406733305, "uuid": "04211800-ec10-4af3-a37f-25e2650990d3", "historyId": "6852610c9f474b8025a53a695538630f", "testCaseId": "e154fc84781a12ef09550f07b342ba7a", "fullName": "controller_tests.test_api_login#test_cloud_sdk_version", "labels": [{"name": "tag", "value": "sanity_55"}, {"name": "tag", "value": "sdk_version_check"}, {"name": "tag", "value": "sanity"}, {"name": "parentSuite", "value": "controller_tests"}, {"name": "suite", "value": "test_api_login"}, {"name": "host", "value": "testing-152-bhdmp"}, {"name": "thread", "value": "6-MainThread"}, {"name": "framework", "value": "pytest"}, {"name": "language", "value": "cpython3"}, {"name": "package", "value": "controller_tests.test_api_login"}]}